0 silly argv { _: [ 'create' ],
0 silly argv   lernaVersion: '3.16.4',
0 silly argv   '$0': 'node_modules/.bin/lerna',
0 silly argv   name: 'create-react-library',
0 silly argv   loc: 'common' }
1 notice cli v3.16.4
2 verbose rootPath /Users/torandreas/utvikling/ReactProjects/monorepo
3 info versioning independent
4 warn ENOREMOTE No git remote found, skipping repository property
5 error Error: canceled
5 error     at Interface.<anonymous> (/Users/torandreas/utvikling/ReactProjects/monorepo/node_modules/read/lib/read.js:66:13)
5 error     at Interface.emit (events.js:198:13)
5 error     at Interface._ttyWrite (readline.js:801:16)
5 error     at ReadStream.onkeypress (readline.js:184:10)
5 error     at ReadStream.emit (events.js:198:13)
5 error     at emitKeys (internal/readline.js:424:14)
5 error     at emitKeys.next (<anonymous>)
5 error     at ReadStream.onData (readline.js:1075:36)
5 error     at ReadStream.emit (events.js:198:13)
5 error     at addChunk (_stream_readable.js:288:12)
5 error     at readableAddChunk (_stream_readable.js:269:11)
5 error     at ReadStream.Readable.push (_stream_readable.js:224:10)
